<?xml version="1.0" encoding="UTF-8"?>
<!-- Generated by org.testng.reporters.JUnitReportReporter -->
<testsuite hostname="CHETUIWK2155" failures="0" tests="3" name="Org.TestNGFrameworke.Day" time="0.005" errors="0" timestamp="2022-05-19T22:31:21 IST" skipped="0">
  <testcase classname="Org.TestNGFrameworke.Day" name="demo1" time="0.000"/>
  <system-out/>
  <testcase classname="Org.TestNGFrameworke.Day" name="demo" time="0.005"/>
  <system-out/>
  <testcase classname="Org.TestNGFrameworke.Day" name="demo2" time="0.000"/>
  <system-out/>
</testsuite> <!-- Org.TestNGFrameworke.Day -->
