<?xml version="1.0" encoding="UTF-8"?>
<!-- Generated by org.testng.reporters.JUnitReportReporter -->
<testsuite hostname="CHETUIWK2155" failures="0" tests="1" name="Org.TestNGFrameworke.Day1$Day" time="0.001" errors="0" timestamp="2022-05-19T22:31:21 IST" skipped="0">
  <testcase classname="Org.TestNGFrameworke.Day1$Day" name="demo" time="0.001"/>
  <system-out/>
</testsuite> <!-- Org.TestNGFrameworke.Day1$Day -->
