<?xml version="1.0" encoding="UTF-8"?>
<!-- Generated by org.testng.reporters.JUnitReportReporter -->
<testsuite hostname="CHETUIWK2155" failures="0" tests="5" name="Org.TestNGFrameworke.Day2" time="0.003" errors="0" timestamp="2022-05-19T22:31:21 IST" skipped="0">
  <testcase classname="Org.TestNGFrameworke.Day2" name="mobileLoan" time="0.001"/>
  <system-out/>
  <testcase classname="Org.TestNGFrameworke.Day2" name="mobileLoanSignin" time="0.001"/>
  <system-out/>
  <testcase classname="Org.TestNGFrameworke.Day2" name="carLoan" time="0.000"/>
  <system-out/>
  <testcase classname="Org.TestNGFrameworke.Day2" name="homeLoan" time="0.000"/>
  <system-out/>
  <testcase classname="Org.TestNGFrameworke.Day2" name="mobileLoanSignout" time="0.001"/>
  <system-out/>
</testsuite> <!-- Org.TestNGFrameworke.Day2 -->
